\BOOKMARK [0][-]{chapter.1}{Praktikum Parallele Numerik}{}% 1
\BOOKMARK [0][-]{chapter.1}{Fabian Miltenberger, S\351bastien Thill, Thore Mehr}{}% 2
\BOOKMARK [1][-]{section.1.1}{}{chapter.1}% 3
\BOOKMARK [2][-]{subsection.1.1.1}{}{section.1.1}% 4
\BOOKMARK [2][-]{subsection.1.1.2}{}{section.1.1}% 5
\BOOKMARK [2][-]{subsection.1.1.3}{}{section.1.1}% 6
\BOOKMARK [3][-]{subsubsection.1.1.3.1}{}{subsection.1.1.3}% 7
\BOOKMARK [3][-]{subsubsection.1.1.3.2}{}{subsection.1.1.3}% 8
\BOOKMARK [3][-]{subsubsection.1.1.3.3}{}{subsection.1.1.3}% 9
\BOOKMARK [2][-]{subsection.1.1.4}{}{section.1.1}% 10
\BOOKMARK [3][-]{subsubsection.1.1.4.1}{}{subsection.1.1.4}% 11
\BOOKMARK [3][-]{subsubsection.1.1.4.2}{}{subsection.1.1.4}% 12
\BOOKMARK [3][-]{subsubsection.1.1.4.3}{}{subsection.1.1.4}% 13
\BOOKMARK [2][-]{subsection.1.1.5}{}{section.1.1}% 14
\BOOKMARK [3][-]{subsubsection.1.1.5.1}{}{subsection.1.1.5}% 15
\BOOKMARK [3][-]{subsubsection.1.1.5.2}{}{subsection.1.1.5}% 16
\BOOKMARK [3][-]{subsubsection.1.1.5.3}{}{subsection.1.1.5}% 17
\BOOKMARK [2][-]{subsection.1.1.6}{}{section.1.1}% 18
\BOOKMARK [3][-]{subsubsection.1.1.6.1}{}{subsection.1.1.6}% 19
\BOOKMARK [3][-]{subsubsection.1.1.6.2}{}{subsection.1.1.6}% 20
\BOOKMARK [3][-]{subsubsection.1.1.6.3}{}{subsection.1.1.6}% 21
\BOOKMARK [1][-]{section.1.2}{}{chapter.1}% 22
